  ConsoleApplication1.cpp
C:\Users\MK\source\repos\ConsoleApplication1\ConsoleApplication1.cpp(40,20): warning C4244: 'initializing': conversion from 'double' to 'int', possible loss of data
C:\Users\MK\source\repos\ConsoleApplication1\ConsoleApplication1.cpp(41,21): warning C4244: 'initializing': conversion from 'double' to 'int', possible loss of data
C:\Users\MK\source\repos\ConsoleApplication1\ConsoleApplication1.cpp(60,115): warning C4244: 'argument': conversion from 'double' to '_Tp', possible loss of data
          with
          [
              _Tp=int
          ]
C:\Users\MK\source\repos\ConsoleApplication1\ConsoleApplication1.cpp(60,84): warning C4244: 'argument': conversion from 'double' to '_Tp', possible loss of data
          with
          [
              _Tp=int
          ]
C:\Users\MK\source\repos\ConsoleApplication1\ConsoleApplication1.cpp(60,47): warning C4244: 'argument': conversion from 'double' to 'int', possible loss of data
C:\Users\MK\source\repos\ConsoleApplication1\ConsoleApplication1.cpp(72,80): warning C4244: 'argument': conversion from 'double' to '_Tp', possible loss of data
          with
          [
              _Tp=int
          ]
C:\Users\MK\source\repos\ConsoleApplication1\ConsoleApplication1.cpp(72,49): warning C4244: 'argument': conversion from 'double' to '_Tp', possible loss of data
          with
          [
              _Tp=int
          ]
  ConsoleApplication1.vcxproj -> C:\Users\MK\source\repos\ConsoleApplication1\x64\Debug\ConsoleApplication1.exe
